Pandaria 5.4.8Rev: 0 Release Hash: Archive (Unix, little-endian) (authserver)
<Ctrl-C> to stop.

    ─╔═══╗╔═══╗╔═╗─╔╗╔═══╗╔═══╗╔═══╗╔══╗╔═══╗─                          
    ─║╔═╗║║╔═╗║║║╚╗║║╚╗╔╗║║╔═╗║║╔═╗║╚╣─╝║╔═╗║─                          
    ─║╚═╝║║║─║║║╔╗╚╝║─║║║║║║─║║║╚═╝║─║║─║║─║║─                          
    ─║╔══╝║╚═╝║║║╚╗║║─║║║║║╚═╝║║╔╗╔╝─║║─║╚═╝║─                          
    ─║║───║╔═╗║║║─║║║╔╝╚╝║║╔═╗║║║║╚╗╔╣─╗║╔═╗║─                          
    ─╚╝───╚╝─╚╝╚╝─╚═╝╚═══╝╚╝─╚╝╚╝╚═╝╚══╝╚╝─╚╝─                          
                                                                        
             ─╔═══╗───╔╗─╔╗────╔═══╗─                                   
             ─║╔══╝───║║─║║────║╔═╗║─                                   
             ─║╚══╗───║╚═╝║────║╚═╝║─                                   
             ─╚══╗║───╚══╗║────║╔═╗║─                                   
             ─╔══╝║──╔╗──║║─╔╗─║╚═╝║─                                   
             ─╚═══╝──╚╝──╚╝─╚╝─╚═══╝─                                   
                                                                        
                  PANDARIA 5.4.8                                        
                     Based on:                                          
                Project SkyFireEmu                                      
         <http://www.projectskyfire.org/> 
                            
Using configuration file /home/wow/pandaria-548/etc/authserver.conf.
OpenSSL 1.1.1f  31 Mar 2020 (Library: OpenSSL 1.1.1f  31 Mar 2020)
Opening DatabasePool 'auth'. Asynchronous connections: 1, synchronous connections: 1.
MySQL client library: 5.7.39
MySQL server ver: 5.5.62 
Connected to MySQL database at 127.0.0.1
MySQL client library: 5.7.39
MySQL server ver: 5.5.62 
Connected to MySQL database at 127.0.0.1
DatabasePool 'auth' opened successfully. 2 total connections running.
Started auth database connection pool.
Updating Realm List...
Added realm "MoP" at 127.0.0.1:8086.
Added realm "MoP" at 127.0.0.1:8085.
Updating Realm List...
Ping MySQL to keep connection alive
Updating Realm List...
Ping MySQL to keep connection alive
Ping MySQL to keep connection alive
Closing down DatabasePool 'auth'.
Asynchronous connections on DatabasePool 'auth' terminated. Proceeding with synchronous connections.
All connections on DatabasePool 'auth' closed.
Halting process...
