Performing C SOURCE FILE Test CMAKE_HAVE_LIBC_PTHREAD failed with the following output:
Change Dir: /home/allan/pandaria_5.4.8/build/CMakeFiles/CMakeTmp

Run Build Command(s):/usr/bin/make cmTC_b1830/fast && /usr/bin/make -f CMakeFiles/cmTC_b1830.dir/build.make CMakeFiles/cmTC_b1830.dir/build
make[1]: Entering directory '/home/allan/pandaria_5.4.8/build/CMakeFiles/CMakeTmp'
Building C object CMakeFiles/cmTC_b1830.dir/src.c.o
/usr/bin/cc   -march=native -fno-strict-aliasing -g3 -DCMAKE_HAVE_LIBC_PTHREAD   -o CMakeFiles/cmTC_b1830.dir/src.c.o   -c /home/allan/pandaria_5.4.8/build/CMakeFiles/CMakeTmp/src.c
Linking C executable cmTC_b1830
/usr/bin/cmake -E cmake_link_script CMakeFiles/cmTC_b1830.dir/link.txt --verbose=1
/usr/bin/cc   -march=native -fno-strict-aliasing -g3 -DCMAKE_HAVE_LIBC_PTHREAD    -rdynamic CMakeFiles/cmTC_b1830.dir/src.c.o  -o cmTC_b1830 
/usr/bin/ld: CMakeFiles/cmTC_b1830.dir/src.c.o: in function `main':
/home/allan/pandaria_5.4.8/build/CMakeFiles/CMakeTmp/src.c:11: undefined reference to `pthread_create'
/usr/bin/ld: /home/allan/pandaria_5.4.8/build/CMakeFiles/CMakeTmp/src.c:12: undefined reference to `pthread_detach'
/usr/bin/ld: /home/allan/pandaria_5.4.8/build/CMakeFiles/CMakeTmp/src.c:13: undefined reference to `pthread_join'
collect2: error: ld returned 1 exit status
make[1]: *** [CMakeFiles/cmTC_b1830.dir/build.make:87: cmTC_b1830] Error 1
make[1]: Leaving directory '/home/allan/pandaria_5.4.8/build/CMakeFiles/CMakeTmp'
make: *** [Makefile:121: cmTC_b1830/fast] Error 2


Source file was:
#include <pthread.h>

void* test_func(void* data)
{
  return data;
}

int main(void)
{
  pthread_t thread;
  pthread_create(&thread, NULL, test_func, NULL);
  pthread_detach(thread);
  pthread_join(thread, NULL);
  pthread_atfork(NULL, NULL, NULL);
  pthread_exit(NULL);

  return 0;
}

Determining if the function pthread_create exists in the pthreads failed with the following output:
Change Dir: /home/allan/pandaria_5.4.8/build/CMakeFiles/CMakeTmp

Run Build Command(s):/usr/bin/make cmTC_18a52/fast && /usr/bin/make -f CMakeFiles/cmTC_18a52.dir/build.make CMakeFiles/cmTC_18a52.dir/build
make[1]: Entering directory '/home/allan/pandaria_5.4.8/build/CMakeFiles/CMakeTmp'
Building C object CMakeFiles/cmTC_18a52.dir/CheckFunctionExists.c.o
/usr/bin/cc   -march=native -fno-strict-aliasing -g3 -DCHECK_FUNCTION_EXISTS=pthread_create   -o CMakeFiles/cmTC_18a52.dir/CheckFunctionExists.c.o   -c /usr/share/cmake-3.16/Modules/CheckFunctionExists.c
Linking C executable cmTC_18a52
/usr/bin/cmake -E cmake_link_script CMakeFiles/cmTC_18a52.dir/link.txt --verbose=1
/usr/bin/cc   -march=native -fno-strict-aliasing -g3 -DCHECK_FUNCTION_EXISTS=pthread_create    -rdynamic CMakeFiles/cmTC_18a52.dir/CheckFunctionExists.c.o  -o cmTC_18a52  -lpthreads 
/usr/bin/ld: cannot find -lpthreads
collect2: error: ld returned 1 exit status
make[1]: *** [CMakeFiles/cmTC_18a52.dir/build.make:87: cmTC_18a52] Error 1
make[1]: Leaving directory '/home/allan/pandaria_5.4.8/build/CMakeFiles/CMakeTmp'
make: *** [Makefile:121: cmTC_18a52/fast] Error 2



